[0.442s] DEBUG:colcon:Command line arguments: ['/usr/bin/colcon', 'build', '--symlink-install']
[0.442s] DEBUG:colcon:Parsed command line arguments: Namespace(log_base=None, log_level=None, verb_name='build', build_base='build', install_base='install', merge_install=False, symlink_install=True, test_result_base=None, continue_on_error=False, executor='parallel', parallel_workers=16, event_handlers=None, ignore_user_meta=False, metas=['./colcon.meta'], base_paths=['.'], packages_ignore=None, packages_ignore_regex=None, paths=None, packages_up_to=None, packages_up_to_regex=None, packages_above=None, packages_above_and_dependencies=None, packages_above_depth=None, packages_select_by_dep=None, packages_skip_by_dep=None, packages_skip_up_to=None, packages_select_build_failed=False, packages_skip_build_finished=False, packages_select_test_failures=False, packages_skip_test_passed=False, packages_select=None, packages_skip=None, packages_select_regex=None, packages_skip_regex=None, packages_start=None, packages_end=None, allow_overriding=[], cmake_args=None, cmake_target=None, cmake_target_skip_unavailable=False, cmake_clean_cache=False, cmake_clean_first=False, cmake_force_configure=False, ament_cmake_args=None, catkin_cmake_args=None, catkin_skip_building_tests=False, verb_parser=<colcon_defaults.argument_parser.defaults.DefaultArgumentsDecorator object at 0x7d09ab3dbb80>, verb_extension=<colcon_core.verb.build.BuildVerb object at 0x7d09ab55cf70>, main=<bound method BuildVerb.main of <colcon_core.verb.build.BuildVerb object at 0x7d09ab55cf70>>)
[1.188s] Level 1:colcon.colcon_core.package_discovery:discover_packages(colcon_meta) check parameters
[1.188s] Level 1:colcon.colcon_core.package_discovery:discover_packages(recursive) check parameters
[1.188s] Level 1:colcon.colcon_core.package_discovery:discover_packages(ignore) check parameters
[1.188s] Level 1:colcon.colcon_core.package_discovery:discover_packages(path) check parameters
[1.188s] Level 1:colcon.colcon_core.package_discovery:discover_packages(colcon_meta) discover
[1.188s] Level 1:colcon.colcon_core.package_discovery:discover_packages(recursive) discover
[1.188s] INFO:colcon.colcon_core.package_discovery:Crawling recursively for packages in '/home/tiba07/robosys2025-3/ros2_ws'
[1.188s] Level 1:colcon.colcon_core.package_identification:_identify(.) by extensions ['ignore', 'ignore_ament_install']
[1.189s] Level 1:colcon.colcon_core.package_identification:_identify(.) by extension 'ignore'
[1.189s] Level 1:colcon.colcon_core.package_identification:_identify(.) by extension 'ignore_ament_install'
[1.189s] Level 1:colcon.colcon_core.package_identification:_identify(.) by extensions ['colcon_pkg']
[1.189s] Level 1:colcon.colcon_core.package_identification:_identify(.) by extension 'colcon_pkg'
[1.189s] Level 1:colcon.colcon_core.package_identification:_identify(.) by extensions ['colcon_meta']
[1.189s] Level 1:colcon.colcon_core.package_identification:_identify(.) by extension 'colcon_meta'
[1.189s] Level 1:colcon.colcon_core.package_identification:_identify(.) by extensions ['ros']
[1.189s] Level 1:colcon.colcon_core.package_identification:_identify(.) by extension 'ros'
[1.217s] Level 1:colcon.colcon_core.package_identification:_identify(.) by extensions ['cmake', 'python']
[1.217s] Level 1:colcon.colcon_core.package_identification:_identify(.) by extension 'cmake'
[1.217s] Level 1:colcon.colcon_core.package_identification:_identify(.) by extension 'python'
[1.217s] Level 1:colcon.colcon_core.package_identification:_identify(.) by extensions ['python_setup_py']
[1.217s] Level 1:colcon.colcon_core.package_identification:_identify(.) by extension 'python_setup_py'
[1.217s] Level 1:colcon.colcon_core.package_identification:_identify(build) by extensions ['ignore', 'ignore_ament_install']
[1.217s] Level 1:colcon.colcon_core.package_identification:_identify(build) by extension 'ignore'
[1.217s] Level 1:colcon.colcon_core.package_identification:_identify(build) ignored
[1.217s] Level 1:colcon.colcon_core.package_identification:_identify(install) by extensions ['ignore', 'ignore_ament_install']
[1.218s] Level 1:colcon.colcon_core.package_identification:_identify(install) by extension 'ignore'
[1.218s] Level 1:colcon.colcon_core.package_identification:_identify(install) ignored
[1.218s] Level 1:colcon.colcon_core.package_identification:_identify(log) by extensions ['ignore', 'ignore_ament_install']
[1.218s] Level 1:colcon.colcon_core.package_identification:_identify(log) by extension 'ignore'
[1.218s] Level 1:colcon.colcon_core.package_identification:_identify(log) ignored
[1.219s] Level 1:colcon.colcon_core.package_identification:_identify(src) by extensions ['ignore', 'ignore_ament_install']
[1.219s] Level 1:colcon.colcon_core.package_identification:_identify(src) by extension 'ignore'
[1.219s] Level 1:colcon.colcon_core.package_identification:_identify(src) by extension 'ignore_ament_install'
[1.219s] Level 1:colcon.colcon_core.package_identification:_identify(src) by extensions ['colcon_pkg']
[1.219s] Level 1:colcon.colcon_core.package_identification:_identify(src) by extension 'colcon_pkg'
[1.219s] Level 1:colcon.colcon_core.package_identification:_identify(src) by extensions ['colcon_meta']
[1.219s] Level 1:colcon.colcon_core.package_identification:_identify(src) by extension 'colcon_meta'
[1.219s] Level 1:colcon.colcon_core.package_identification:_identify(src) by extensions ['ros']
[1.219s] Level 1:colcon.colcon_core.package_identification:_identify(src) by extension 'ros'
[1.219s] Level 1:colcon.colcon_core.package_identification:_identify(src) by extensions ['cmake', 'python']
[1.219s] Level 1:colcon.colcon_core.package_identification:_identify(src) by extension 'cmake'
[1.219s] Level 1:colcon.colcon_core.package_identification:_identify(src) by extension 'python'
[1.219s] Level 1:colcon.colcon_core.package_identification:_identify(src) by extensions ['python_setup_py']
[1.220s] Level 1:colcon.colcon_core.package_identification:_identify(src) by extension 'python_setup_py'
[1.221s] Level 1:colcon.colcon_core.package_identification:_identify(src/robosysros2_pkg) by extensions ['ignore', 'ignore_ament_install']
[1.221s] Level 1:colcon.colcon_core.package_identification:_identify(src/robosysros2_pkg) by extension 'ignore'
[1.221s] Level 1:colcon.colcon_core.package_identification:_identify(src/robosysros2_pkg) by extension 'ignore_ament_install'
[1.221s] Level 1:colcon.colcon_core.package_identification:_identify(src/robosysros2_pkg) by extensions ['colcon_pkg']
[1.221s] Level 1:colcon.colcon_core.package_identification:_identify(src/robosysros2_pkg) by extension 'colcon_pkg'
[1.221s] Level 1:colcon.colcon_core.package_identification:_identify(src/robosysros2_pkg) by extensions ['colcon_meta']
[1.221s] Level 1:colcon.colcon_core.package_identification:_identify(src/robosysros2_pkg) by extension 'colcon_meta'
[1.221s] Level 1:colcon.colcon_core.package_identification:_identify(src/robosysros2_pkg) by extensions ['ros']
[1.221s] Level 1:colcon.colcon_core.package_identification:_identify(src/robosysros2_pkg) by extension 'ros'
[1.226s] DEBUG:colcon.colcon_core.package_identification:Package 'src/robosysros2_pkg' with type 'ros.ament_python' and name 'robosysros2_pkg'
[1.226s] Level 1:colcon.colcon_core.package_discovery:discover_packages(recursive) using defaults
[1.227s] Level 1:colcon.colcon_core.package_discovery:discover_packages(ignore) discover
[1.227s] Level 1:colcon.colcon_core.package_discovery:discover_packages(ignore) using defaults
[1.227s] Level 1:colcon.colcon_core.package_discovery:discover_packages(path) discover
[1.227s] Level 1:colcon.colcon_core.package_discovery:discover_packages(path) using defaults
[1.276s] Level 1:colcon.colcon_core.package_discovery:discover_packages(prefix_path) check parameters
[1.276s] Level 1:colcon.colcon_core.package_discovery:discover_packages(prefix_path) discover
[1.281s] WARNING:colcon.colcon_ros.prefix_path.ament:The path '/home/tiba07/robosys2025-3/ros2_ws/install/robosysros2_pkg' in the environment variable AMENT_PREFIX_PATH doesn't exist
[1.285s] DEBUG:colcon.colcon_installed_package_information.package_discovery:Found 0 installed packages in /home/tiba07/robosys2025-3/ros2_ws/install
[1.287s] DEBUG:colcon.colcon_installed_package_information.package_discovery:Found 2 installed packages in /home/tiba07/ros2_ws/install
[1.288s] DEBUG:colcon.colcon_installed_package_information.package_discovery:Found 271 installed packages in /opt/ros/humble
[1.290s] Level 1:colcon.colcon_core.package_discovery:discover_packages(prefix_path) using defaults
[1.345s] Level 5:colcon.colcon_core.verb:set package 'robosysros2_pkg' build argument 'cmake_args' from command line to 'None'
[1.345s] Level 5:colcon.colcon_core.verb:set package 'robosysros2_pkg' build argument 'cmake_target' from command line to 'None'
[1.345s] Level 5:colcon.colcon_core.verb:set package 'robosysros2_pkg' build argument 'cmake_target_skip_unavailable' from command line to 'False'
[1.345s] Level 5:colcon.colcon_core.verb:set package 'robosysros2_pkg' build argument 'cmake_clean_cache' from command line to 'False'
[1.345s] Level 5:colcon.colcon_core.verb:set package 'robosysros2_pkg' build argument 'cmake_clean_first' from command line to 'False'
[1.345s] Level 5:colcon.colcon_core.verb:set package 'robosysros2_pkg' build argument 'cmake_force_configure' from command line to 'False'
[1.345s] Level 5:colcon.colcon_core.verb:set package 'robosysros2_pkg' build argument 'ament_cmake_args' from command line to 'None'
[1.345s] Level 5:colcon.colcon_core.verb:set package 'robosysros2_pkg' build argument 'catkin_cmake_args' from command line to 'None'
[1.345s] Level 5:colcon.colcon_core.verb:set package 'robosysros2_pkg' build argument 'catkin_skip_building_tests' from command line to 'False'
[1.345s] DEBUG:colcon.colcon_core.verb:Building package 'robosysros2_pkg' with the following arguments: {'ament_cmake_args': None, 'build_base': '/home/tiba07/robosys2025-3/ros2_ws/build/robosysros2_pkg', 'catkin_cmake_args': None, 'catkin_skip_building_tests': False, 'cmake_args': None, 'cmake_clean_cache': False, 'cmake_clean_first': False, 'cmake_force_configure': False, 'cmake_target': None, 'cmake_target_skip_unavailable': False, 'install_base': '/home/tiba07/robosys2025-3/ros2_ws/install/robosysros2_pkg', 'merge_install': False, 'path': '/home/tiba07/robosys2025-3/ros2_ws/src/robosysros2_pkg', 'symlink_install': True, 'test_result_base': None}
[1.345s] INFO:colcon.colcon_core.executor:Executing jobs using 'parallel' executor
[1.347s] DEBUG:colcon.colcon_parallel_executor.executor.parallel:run_until_complete
[1.347s] INFO:colcon.colcon_ros.task.ament_python.build:Building ROS package in '/home/tiba07/robosys2025-3/ros2_ws/src/robosysros2_pkg' with build type 'ament_python'
[1.347s] Level 1:colcon.colcon_core.shell:create_environment_hook('robosysros2_pkg', 'ament_prefix_path')
[1.363s] INFO:colcon.colcon_core.plugin_system:Skipping extension 'colcon_core.shell.bat': Not used on non-Windows systems
[1.364s] INFO:colcon.colcon_core.shell:Creating environment hook '/home/tiba07/robosys2025-3/ros2_ws/install/robosysros2_pkg/share/robosysros2_pkg/hook/ament_prefix_path.ps1'
[1.367s] INFO:colcon.colcon_core.shell:Creating environment descriptor '/home/tiba07/robosys2025-3/ros2_ws/install/robosysros2_pkg/share/robosysros2_pkg/hook/ament_prefix_path.dsv'
[1.369s] INFO:colcon.colcon_core.shell:Creating environment hook '/home/tiba07/robosys2025-3/ros2_ws/install/robosysros2_pkg/share/robosysros2_pkg/hook/ament_prefix_path.sh'
[1.371s] INFO:colcon.colcon_core.shell:Skip shell extension 'powershell' for command environment: Not usable outside of PowerShell
[1.371s] DEBUG:colcon.colcon_core.shell:Skip shell extension 'dsv' for command environment
[1.675s] INFO:colcon.colcon_core.task.python.build:Building Python package in '/home/tiba07/robosys2025-3/ros2_ws/src/robosysros2_pkg'
[1.675s] INFO:colcon.colcon_core.shell:Skip shell extension 'powershell' for command environment: Not usable outside of PowerShell
[1.675s] DEBUG:colcon.colcon_core.shell:Skip shell extension 'dsv' for command environment
[2.585s] DEBUG:colcon.colcon_core.event_handler.log_command:Invoking command in '/home/tiba07/robosys2025-3/ros2_ws/build/robosysros2_pkg': CONDA_PROMPT_MODIFIER=(base) PYTHONPATH=/home/tiba07/robosys2025-3/ros2_ws/build/robosysros2_pkg/prefix_override:/usr/lib/python3/dist-packages/colcon_core/task/python/colcon_distutils_commands:/home/tiba07/robosys2025-3/ros2_ws/install/robosysros2_pkg/lib/python3.10/site-packages:${PYTHONPATH} /usr/bin/python3 -W ignore:setup.py install is deprecated -W ignore:easy_install command is deprecated setup.py develop --editable --build-directory /home/tiba07/robosys2025-3/ros2_ws/build/robosysros2_pkg/build --no-deps symlink_data
[3.062s] Level 1:colcon.colcon_core.shell:create_environment_hook('robosysros2_pkg', 'pythonpath_develop')
[3.063s] DEBUG:colcon.colcon_core.event_handler.log_command:Invoked command in '/home/tiba07/robosys2025-3/ros2_ws/build/robosysros2_pkg' returned '0': CONDA_PROMPT_MODIFIER=(base) PYTHONPATH=/home/tiba07/robosys2025-3/ros2_ws/build/robosysros2_pkg/prefix_override:/usr/lib/python3/dist-packages/colcon_core/task/python/colcon_distutils_commands:/home/tiba07/robosys2025-3/ros2_ws/install/robosysros2_pkg/lib/python3.10/site-packages:${PYTHONPATH} /usr/bin/python3 -W ignore:setup.py install is deprecated -W ignore:easy_install command is deprecated setup.py develop --editable --build-directory /home/tiba07/robosys2025-3/ros2_ws/build/robosysros2_pkg/build --no-deps symlink_data
[3.063s] INFO:colcon.colcon_core.shell:Creating environment hook '/home/tiba07/robosys2025-3/ros2_ws/build/robosysros2_pkg/share/robosysros2_pkg/hook/pythonpath_develop.ps1'
[3.066s] INFO:colcon.colcon_core.shell:Creating environment descriptor '/home/tiba07/robosys2025-3/ros2_ws/build/robosysros2_pkg/share/robosysros2_pkg/hook/pythonpath_develop.dsv'
[3.067s] INFO:colcon.colcon_core.shell:Creating environment hook '/home/tiba07/robosys2025-3/ros2_ws/build/robosysros2_pkg/share/robosysros2_pkg/hook/pythonpath_develop.sh'
[3.088s] Level 1:colcon.colcon_core.environment:checking '/home/tiba07/robosys2025-3/ros2_ws/install/robosysros2_pkg' for CMake module files
[3.088s] Level 1:colcon.colcon_core.environment:checking '/home/tiba07/robosys2025-3/ros2_ws/install/robosysros2_pkg' for CMake config files
[3.089s] Level 1:colcon.colcon_core.environment:checking '/home/tiba07/robosys2025-3/ros2_ws/install/robosysros2_pkg/lib'
[3.089s] Level 1:colcon.colcon_core.environment:checking '/home/tiba07/robosys2025-3/ros2_ws/install/robosysros2_pkg/bin'
[3.090s] Level 1:colcon.colcon_core.environment:checking '/home/tiba07/robosys2025-3/ros2_ws/install/robosysros2_pkg/lib/pkgconfig/robosysros2_pkg.pc'
[3.090s] Level 1:colcon.colcon_core.environment:checking '/home/tiba07/robosys2025-3/ros2_ws/install/robosysros2_pkg/lib/python3.10/site-packages'
[3.090s] Level 1:colcon.colcon_core.shell:create_environment_hook('robosysros2_pkg', 'pythonpath')
[3.090s] INFO:colcon.colcon_core.shell:Creating environment hook '/home/tiba07/robosys2025-3/ros2_ws/install/robosysros2_pkg/share/robosysros2_pkg/hook/pythonpath.ps1'
[3.091s] INFO:colcon.colcon_core.shell:Creating environment descriptor '/home/tiba07/robosys2025-3/ros2_ws/install/robosysros2_pkg/share/robosysros2_pkg/hook/pythonpath.dsv'
[3.091s] INFO:colcon.colcon_core.shell:Creating environment hook '/home/tiba07/robosys2025-3/ros2_ws/install/robosysros2_pkg/share/robosysros2_pkg/hook/pythonpath.sh'
[3.092s] Level 1:colcon.colcon_core.environment:checking '/home/tiba07/robosys2025-3/ros2_ws/install/robosysros2_pkg/bin'
[3.092s] Level 1:colcon.colcon_core.environment:create_environment_scripts_only(robosysros2_pkg)
[3.093s] INFO:colcon.colcon_core.shell:Creating package script '/home/tiba07/robosys2025-3/ros2_ws/install/robosysros2_pkg/share/robosysros2_pkg/package.ps1'
[3.095s] INFO:colcon.colcon_core.shell:Creating package descriptor '/home/tiba07/robosys2025-3/ros2_ws/install/robosysros2_pkg/share/robosysros2_pkg/package.dsv'
[3.097s] INFO:colcon.colcon_core.shell:Creating package script '/home/tiba07/robosys2025-3/ros2_ws/install/robosysros2_pkg/share/robosysros2_pkg/package.sh'
[3.099s] INFO:colcon.colcon_core.shell:Creating package script '/home/tiba07/robosys2025-3/ros2_ws/install/robosysros2_pkg/share/robosysros2_pkg/package.bash'
[3.101s] INFO:colcon.colcon_core.shell:Creating package script '/home/tiba07/robosys2025-3/ros2_ws/install/robosysros2_pkg/share/robosysros2_pkg/package.zsh'
[3.103s] Level 1:colcon.colcon_core.environment:create_file_with_runtime_dependencies(/home/tiba07/robosys2025-3/ros2_ws/install/robosysros2_pkg/share/colcon-core/packages/robosysros2_pkg)
[3.104s] DEBUG:colcon.colcon_parallel_executor.executor.parallel:closing loop
[3.104s] DEBUG:colcon.colcon_parallel_executor.executor.parallel:loop closed
[3.104s] DEBUG:colcon.colcon_parallel_executor.executor.parallel:run_until_complete finished with '0'
[3.104s] DEBUG:colcon.colcon_core.event_reactor:joining thread
[3.199s] INFO:colcon.colcon_core.plugin_system:Skipping extension 'colcon_notification.desktop_notification.notify_send': Could not find 'notify-send'
[3.199s] INFO:colcon.colcon_core.plugin_system:Skipping extension 'colcon_notification.desktop_notification.terminal_notifier': Not used on non-Darwin systems
[3.199s] INFO:colcon.colcon_core.plugin_system:Skipping extension 'colcon_notification.desktop_notification.win32': Not used on non-Windows systems
[3.199s] INFO:colcon.colcon_notification.desktop_notification:Sending desktop notification using 'notify2'
[3.200s] DEBUG:colcon.colcon_notification.desktop_notification.notify2:Failed to initialize notify2: org.freedesktop.DBus.Error.FileNotFound: Failed to connect to socket /run/user/1000/bus: No such file or directory
[3.200s] DEBUG:colcon.colcon_core.event_reactor:joined thread
[3.201s] INFO:colcon.colcon_core.shell:Creating prefix script '/home/tiba07/robosys2025-3/ros2_ws/install/local_setup.ps1'
[3.205s] INFO:colcon.colcon_core.shell:Creating prefix util module '/home/tiba07/robosys2025-3/ros2_ws/install/_local_setup_util_ps1.py'
[3.208s] INFO:colcon.colcon_core.shell:Creating prefix chain script '/home/tiba07/robosys2025-3/ros2_ws/install/setup.ps1'
[3.210s] INFO:colcon.colcon_core.shell:Creating prefix script '/home/tiba07/robosys2025-3/ros2_ws/install/local_setup.sh'
[3.212s] INFO:colcon.colcon_core.shell:Creating prefix util module '/home/tiba07/robosys2025-3/ros2_ws/install/_local_setup_util_sh.py'
[3.213s] INFO:colcon.colcon_core.shell:Creating prefix chain script '/home/tiba07/robosys2025-3/ros2_ws/install/setup.sh'
[3.215s] INFO:colcon.colcon_core.shell:Creating prefix script '/home/tiba07/robosys2025-3/ros2_ws/install/local_setup.bash'
[3.218s] INFO:colcon.colcon_core.shell:Creating prefix chain script '/home/tiba07/robosys2025-3/ros2_ws/install/setup.bash'
[3.220s] INFO:colcon.colcon_core.shell:Creating prefix script '/home/tiba07/robosys2025-3/ros2_ws/install/local_setup.zsh'
[3.221s] INFO:colcon.colcon_core.shell:Creating prefix chain script '/home/tiba07/robosys2025-3/ros2_ws/install/setup.zsh'
