[1.237s] Invoking command in '/home/tiba07/robosys2025-3/ros2_ws/build/robosysros2_pkg': CONDA_PROMPT_MODIFIER=(base) PYTHONPATH=/home/tiba07/robosys2025-3/ros2_ws/build/robosysros2_pkg/prefix_override:/usr/lib/python3/dist-packages/colcon_core/task/python/colcon_distutils_commands:/home/tiba07/robosys2025-3/ros2_ws/install/robosysros2_pkg/lib/python3.10/site-packages:${PYTHONPATH} /usr/bin/python3 -W ignore:setup.py install is deprecated -W ignore:easy_install command is deprecated setup.py develop --editable --build-directory /home/tiba07/robosys2025-3/ros2_ws/build/robosysros2_pkg/build --no-deps symlink_data
[1.532s] running develop
[1.671s] running egg_info
[1.671s] creating robosysros2_pkg.egg-info
[1.671s] writing robosysros2_pkg.egg-info/PKG-INFO
[1.672s] writing dependency_links to robosysros2_pkg.egg-info/dependency_links.txt
[1.672s] writing entry points to robosysros2_pkg.egg-info/entry_points.txt
[1.672s] writing requirements to robosysros2_pkg.egg-info/requires.txt
[1.673s] writing top-level names to robosysros2_pkg.egg-info/top_level.txt
[1.673s] writing manifest file 'robosysros2_pkg.egg-info/SOURCES.txt'
[1.675s] reading manifest file 'robosysros2_pkg.egg-info/SOURCES.txt'
[1.682s] writing manifest file 'robosysros2_pkg.egg-info/SOURCES.txt'
[1.683s] running build_ext
[1.683s] Creating /home/tiba07/robosys2025-3/ros2_ws/install/robosysros2_pkg/lib/python3.10/site-packages/robosysros2-pkg.egg-link (link to .)
[1.683s] Installing cpu_usage_listener script to /home/tiba07/robosys2025-3/ros2_ws/install/robosysros2_pkg/lib/robosysros2_pkg
[1.683s] Installing cpu_usage_publisher script to /home/tiba07/robosys2025-3/ros2_ws/install/robosysros2_pkg/lib/robosysros2_pkg
[1.683s] 
[1.684s] Installed /home/tiba07/robosys2025-3/ros2_ws/build/robosysros2_pkg
[1.684s] running symlink_data
[1.684s] creating /home/tiba07/robosys2025-3/ros2_ws/install/robosysros2_pkg/share/ament_index
[1.684s] creating /home/tiba07/robosys2025-3/ros2_ws/install/robosysros2_pkg/share/ament_index/resource_index
[1.684s] creating /home/tiba07/robosys2025-3/ros2_ws/install/robosysros2_pkg/share/ament_index/resource_index/packages
[1.684s] symbolically linking /home/tiba07/robosys2025-3/ros2_ws/build/robosysros2_pkg/resource/robosysros2_pkg -> /home/tiba07/robosys2025-3/ros2_ws/install/robosysros2_pkg/share/ament_index/resource_index/packages
[1.684s] symbolically linking /home/tiba07/robosys2025-3/ros2_ws/build/robosysros2_pkg/package.xml -> /home/tiba07/robosys2025-3/ros2_ws/install/robosysros2_pkg/share/robosysros2_pkg
[1.714s] Invoked command in '/home/tiba07/robosys2025-3/ros2_ws/build/robosysros2_pkg' returned '0': CONDA_PROMPT_MODIFIER=(base) PYTHONPATH=/home/tiba07/robosys2025-3/ros2_ws/build/robosysros2_pkg/prefix_override:/usr/lib/python3/dist-packages/colcon_core/task/python/colcon_distutils_commands:/home/tiba07/robosys2025-3/ros2_ws/install/robosysros2_pkg/lib/python3.10/site-packages:${PYTHONPATH} /usr/bin/python3 -W ignore:setup.py install is deprecated -W ignore:easy_install command is deprecated setup.py develop --editable --build-directory /home/tiba07/robosys2025-3/ros2_ws/build/robosysros2_pkg/build --no-deps symlink_data
